{"/Users/mitch/Desktop/Nology/mitch-morse-translator/eng-to-morse.js": {"path":"/Users/mitch/Desktop/Nology/mitch-morse-translator/eng-to-morse.js","statementMap":{"0":{"start":{"line":1,"column":27},"end":{"line":29,"column":1}},"1":{"start":{"line":31,"column":33},"end":{"line":34,"column":1}},"2":{"start":{"line":32,"column":18},"end":{"line":32,"column":38}},"3":{"start":{"line":33,"column":2},"end":{"line":33,"column":19}},"4":{"start":{"line":36,"column":34},"end":{"line":39,"column":1}},"5":{"start":{"line":37,"column":16},"end":{"line":37,"column":32}},"6":{"start":{"line":38,"column":2},"end":{"line":38,"column":17}},"7":{"start":{"line":41,"column":29},"end":{"line":46,"column":1}},"8":{"start":{"line":42,"column":12},"end":{"line":44,"column":4}},"9":{"start":{"line":43,"column":4},"end":{"line":43,"column":29}},"10":{"start":{"line":45,"column":2},"end":{"line":45,"column":13}},"11":{"start":{"line":48,"column":25},"end":{"line":51,"column":1}},"12":{"start":{"line":49,"column":18},"end":{"line":49,"column":36}},"13":{"start":{"line":50,"column":2},"end":{"line":50,"column":19}}},"fnMap":{"0":{"name":"(anonymous_0)","decl":{"start":{"line":31,"column":33},"end":{"line":31,"column":34}},"loc":{"start":{"line":31,"column":45},"end":{"line":34,"column":1}},"line":31},"1":{"name":"(anonymous_1)","decl":{"start":{"line":36,"column":34},"end":{"line":36,"column":35}},"loc":{"start":{"line":36,"column":46},"end":{"line":39,"column":1}},"line":36},"2":{"name":"(anonymous_2)","decl":{"start":{"line":41,"column":29},"end":{"line":41,"column":30}},"loc":{"start":{"line":41,"column":42},"end":{"line":46,"column":1}},"line":41},"3":{"name":"(anonymous_3)","decl":{"start":{"line":42,"column":24},"end":{"line":42,"column":25}},"loc":{"start":{"line":42,"column":34},"end":{"line":44,"column":3}},"line":42},"4":{"name":"(anonymous_4)","decl":{"start":{"line":48,"column":25},"end":{"line":48,"column":26}},"loc":{"start":{"line":48,"column":39},"end":{"line":51,"column":1}},"line":48}},"branchMap":{},"s":{"0":1,"1":1,"2":2,"3":2,"4":1,"5":2,"6":2,"7":1,"8":2,"9":10,"10":2,"11":1,"12":2,"13":2},"f":{"0":2,"1":2,"2":2,"3":10,"4":2},"b":{},"_coverageSchema":"1a1c01bbd47fc00a2c39e90264f33305004495a9","hash":"8390b0a1fff81a0b791f4dc27c873074e3bf7a52"}
,"/Users/mitch/Desktop/Nology/mitch-morse-translator/morse-to-eng.js": {"path":"/Users/mitch/Desktop/Nology/mitch-morse-translator/morse-to-eng.js","statementMap":{"0":{"start":{"line":3,"column":29},"end":{"line":5,"column":1}},"1":{"start":{"line":4,"column":41},"end":{"line":4,"column":52}},"2":{"start":{"line":7,"column":32},"end":{"line":10,"column":1}},"3":{"start":{"line":8,"column":16},"end":{"line":8,"column":33}},"4":{"start":{"line":9,"column":2},"end":{"line":9,"column":17}},"5":{"start":{"line":12,"column":31},"end":{"line":17,"column":1}},"6":{"start":{"line":13,"column":12},"end":{"line":15,"column":4}},"7":{"start":{"line":14,"column":4},"end":{"line":14,"column":31}},"8":{"start":{"line":16,"column":2},"end":{"line":16,"column":13}},"9":{"start":{"line":19,"column":27},"end":{"line":22,"column":1}},"10":{"start":{"line":20,"column":18},"end":{"line":20,"column":35}},"11":{"start":{"line":21,"column":2},"end":{"line":21,"column":19}}},"fnMap":{"0":{"name":"(anonymous_0)","decl":{"start":{"line":4,"column":34},"end":{"line":4,"column":35}},"loc":{"start":{"line":4,"column":41},"end":{"line":4,"column":52}},"line":4},"1":{"name":"(anonymous_1)","decl":{"start":{"line":7,"column":32},"end":{"line":7,"column":33}},"loc":{"start":{"line":7,"column":44},"end":{"line":10,"column":1}},"line":7},"2":{"name":"(anonymous_2)","decl":{"start":{"line":12,"column":31},"end":{"line":12,"column":32}},"loc":{"start":{"line":12,"column":44},"end":{"line":17,"column":1}},"line":12},"3":{"name":"(anonymous_3)","decl":{"start":{"line":13,"column":24},"end":{"line":13,"column":25}},"loc":{"start":{"line":13,"column":34},"end":{"line":15,"column":3}},"line":13},"4":{"name":"(anonymous_4)","decl":{"start":{"line":19,"column":27},"end":{"line":19,"column":28}},"loc":{"start":{"line":19,"column":41},"end":{"line":22,"column":1}},"line":19}},"branchMap":{},"s":{"0":1,"1":27,"2":1,"3":2,"4":2,"5":1,"6":2,"7":10,"8":2,"9":1,"10":2,"11":2},"f":{"0":27,"1":2,"2":2,"3":10,"4":2},"b":{},"_coverageSchema":"1a1c01bbd47fc00a2c39e90264f33305004495a9","hash":"2f71db3b8a52cf09b341874b39084cffaf149efb"}
,"/Users/mitch/Desktop/Nology/mitch-morse-translator/validate-input.js": {"path":"/Users/mitch/Desktop/Nology/mitch-morse-translator/validate-input.js","statementMap":{"0":{"start":{"line":1,"column":29},"end":{"line":10,"column":1}},"1":{"start":{"line":2,"column":2},"end":{"line":4,"column":3}},"2":{"start":{"line":3,"column":4},"end":{"line":3,"column":26}},"3":{"start":{"line":5,"column":2},"end":{"line":9,"column":3}},"4":{"start":{"line":6,"column":4},"end":{"line":6,"column":28}},"5":{"start":{"line":8,"column":4},"end":{"line":8,"column":28}}},"fnMap":{"0":{"name":"(anonymous_0)","decl":{"start":{"line":1,"column":29},"end":{"line":1,"column":30}},"loc":{"start":{"line":1,"column":40},"end":{"line":10,"column":1}},"line":1}},"branchMap":{"0":{"loc":{"start":{"line":2,"column":2},"end":{"line":4,"column":3}},"type":"if","locations":[{"start":{"line":2,"column":2},"end":{"line":4,"column":3}},{"start":{},"end":{}}],"line":2},"1":{"loc":{"start":{"line":2,"column":6},"end":{"line":2,"column":52}},"type":"binary-expr","locations":[{"start":{"line":2,"column":6},"end":{"line":2,"column":25}},{"start":{"line":2,"column":29},"end":{"line":2,"column":52}}],"line":2},"2":{"loc":{"start":{"line":5,"column":2},"end":{"line":9,"column":3}},"type":"if","locations":[{"start":{"line":5,"column":2},"end":{"line":9,"column":3}},{"start":{"line":7,"column":9},"end":{"line":9,"column":3}}],"line":5},"3":{"loc":{"start":{"line":5,"column":6},"end":{"line":5,"column":48}},"type":"binary-expr","locations":[{"start":{"line":5,"column":6},"end":{"line":5,"column":25}},{"start":{"line":5,"column":29},"end":{"line":5,"column":48}}],"line":5}},"s":{"0":1,"1":8,"2":2,"3":6,"4":1,"5":5},"f":{"0":8},"b":{"0":[2,6],"1":[8,3],"2":[1,5],"3":[6,5]},"_coverageSchema":"1a1c01bbd47fc00a2c39e90264f33305004495a9","hash":"bc2bb51c1dd19a6de26d7e4623507d79ce4cbb8a"}
}
