TN:
SF:eng-to-morse.js
FN:31,(anonymous_0)
FN:36,(anonymous_1)
FN:41,(anonymous_2)
FN:42,(anonymous_3)
FN:48,(anonymous_4)
FNF:5
FNH:5
FNDA:2,(anonymous_0)
FNDA:2,(anonymous_1)
FNDA:2,(anonymous_2)
FNDA:10,(anonymous_3)
FNDA:2,(anonymous_4)
DA:1,1
DA:31,1
DA:32,2
DA:33,2
DA:36,1
DA:37,2
DA:38,2
DA:41,1
DA:42,2
DA:43,10
DA:45,2
DA:48,1
DA:49,2
DA:50,2
LF:14
LH:14
BRF:0
BRH:0
end_of_record
TN:
SF:morse-to-eng.js
FN:4,(anonymous_0)
FN:7,(anonymous_1)
FN:12,(anonymous_2)
FN:13,(anonymous_3)
FN:19,(anonymous_4)
FNF:5
FNH:5
FNDA:27,(anonymous_0)
FNDA:2,(anonymous_1)
FNDA:2,(anonymous_2)
FNDA:10,(anonymous_3)
FNDA:2,(anonymous_4)
DA:3,1
DA:4,27
DA:7,1
DA:8,2
DA:9,2
DA:12,1
DA:13,2
DA:14,10
DA:16,2
DA:19,1
DA:20,2
DA:21,2
LF:12
LH:12
BRF:0
BRH:0
end_of_record
TN:
SF:validate-input.js
FN:1,(anonymous_0)
FNF:1
FNH:1
FNDA:8,(anonymous_0)
DA:1,1
DA:2,8
DA:3,2
DA:5,6
DA:6,1
DA:8,5
LF:6
LH:6
BRDA:2,0,0,2
BRDA:2,0,1,6
BRDA:2,1,0,8
BRDA:2,1,1,3
BRDA:5,2,0,1
BRDA:5,2,1,5
BRDA:5,3,0,6
BRDA:5,3,1,5
BRF:8
BRH:8
end_of_record
